0 info it worked if it ends with ok
1 verbose cli [ '/Users/baidu/.nvm/versions/node/v5.0.0/bin/node',
1 verbose cli   '/Users/baidu/.nvm/versions/node/v5.0.0/bin/npm',
1 verbose cli   'publish' ]
2 info using npm@3.3.6
3 info using node@v5.0.0
4 verbose publish [ '.' ]
5 silly cache add args [ '.', null ]
6 verbose cache add spec .
7 silly cache add parsed spec Result {
7 silly cache add   raw: '.',
7 silly cache add   scope: null,
7 silly cache add   name: null,
7 silly cache add   rawSpec: '.',
7 silly cache add   spec: '/Users/baidu/tieba/awesome/lib/common/badge',
7 silly cache add   type: 'directory' }
8 verbose addLocalDirectory /Users/baidu/.npm/fit-badge/1.0.27/package.tgz not in flight; packing
9 info lifecycle fit-badge@1.0.27~prepublish: fit-badge@1.0.27
10 silly lifecycle fit-badge@1.0.27~prepublish: no script for prepublish, continuing
11 verbose tar pack [ '/Users/baidu/.npm/fit-badge/1.0.27/package.tgz',
11 verbose tar pack   '/Users/baidu/tieba/awesome/lib/common/badge' ]
12 verbose tarball /Users/baidu/.npm/fit-badge/1.0.27/package.tgz
13 verbose folder /Users/baidu/tieba/awesome/lib/common/badge
14 verbose addLocalTarball adding from inside cache /Users/baidu/.npm/fit-badge/1.0.27/package.tgz
15 silly cache afterAdd fit-badge@1.0.27
16 verbose afterAdd /Users/baidu/.npm/fit-badge/1.0.27/package/package.json not in flight; writing
17 verbose afterAdd /Users/baidu/.npm/fit-badge/1.0.27/package/package.json written
18 silly publish { name: 'fit-badge',
18 silly publish   version: '1.0.27',
18 silly publish   description: '徽标数',
18 silly publish   main: 'lib/index.js',
18 silly publish   scripts: { test: 'echo "Error: no test specified" && exit 1' },
18 silly publish   repository:
18 silly publish    { type: 'git',
18 silly publish      url: 'http://gitlab.baidu.com/tb-component/badge.git' },
18 silly publish   keywords: [ 'react', 'fit' ],
18 silly publish   author: { name: 'tieba' },
18 silly publish   license: 'ISC',
18 silly publish   dependencies: { react: '^0.14.7' },
18 silly publish   readme: '# 徽标数\n---\n\n````jsx\nnpm install fit-badge\n````\n            ',
18 silly publish   readmeFilename: 'readme.md',
18 silly publish   gitHead: '5e6f3eef3e77a95ab1c24e799a56eed7f29391fc',
18 silly publish   _id: 'fit-badge@1.0.27',
18 silly publish   _shasum: '5cf05e85f02c0344b9400d9d35f2aabf52bccdfc',
18 silly publish   _from: '.' }
19 verbose getPublishConfig undefined
20 silly mapToRegistry name fit-badge
21 silly mapToRegistry using default registry
22 silly mapToRegistry registry https://registry.npmjs.org/
23 silly mapToRegistry uri https://registry.npmjs.org/fit-badge
24 verbose publish registryBase https://registry.npmjs.org/
25 silly publish uploading /Users/baidu/.npm/fit-badge/1.0.27/package.tgz
26 verbose request uri https://registry.npmjs.org/fit-badge
27 verbose request sending authorization for write operation
28 info attempt registry request try #1 at 21:03:35
29 verbose request using bearer token for auth
30 verbose request id f75c572ced6905be
31 http request PUT https://registry.npmjs.org/fit-badge
32 http 403 https://registry.npmjs.org/fit-badge
33 verbose headers { 'content-type': 'application/json',
33 verbose headers   'cache-control': 'max-age=300',
33 verbose headers   'content-length': '96',
33 verbose headers   'accept-ranges': 'bytes',
33 verbose headers   date: 'Wed, 09 Mar 2016 13:03:36 GMT',
33 verbose headers   via: '1.1 varnish',
33 verbose headers   connection: 'keep-alive',
33 verbose headers   'x-served-by': 'cache-sjc3642-SJC',
33 verbose headers   'x-cache': 'MISS',
33 verbose headers   'x-cache-hits': '0',
33 verbose headers   'x-timer': 'S1457528616.232940,VS0,VE228' }
34 verbose request invalidating /Users/baidu/.npm/registry.npmjs.org/fit-badge on PUT
35 error publish Failed PUT 403
36 verbose stack Error: "You cannot publish over the previously published version 1.0.27." : fit-badge
36 verbose stack     at makeError (/Users/baidu/.nvm/versions/node/v5.0.0/lib/node_modules/npm/node_modules/npm-registry-client/lib/request.js:264:12)
36 verbose stack     at CachingRegistryClient.<anonymous> (/Users/baidu/.nvm/versions/node/v5.0.0/lib/node_modules/npm/node_modules/npm-registry-client/lib/request.js:252:14)
36 verbose stack     at Request._callback (/Users/baidu/.nvm/versions/node/v5.0.0/lib/node_modules/npm/node_modules/npm-registry-client/lib/request.js:172:14)
36 verbose stack     at Request.self.callback (/Users/baidu/.nvm/versions/node/v5.0.0/lib/node_modules/npm/node_modules/request/request.js:198:22)
36 verbose stack     at emitTwo (events.js:87:13)
36 verbose stack     at Request.emit (events.js:172:7)
36 verbose stack     at Request.<anonymous> (/Users/baidu/.nvm/versions/node/v5.0.0/lib/node_modules/npm/node_modules/request/request.js:1063:14)
36 verbose stack     at emitOne (events.js:82:20)
36 verbose stack     at Request.emit (events.js:169:7)
36 verbose stack     at IncomingMessage.<anonymous> (/Users/baidu/.nvm/versions/node/v5.0.0/lib/node_modules/npm/node_modules/request/request.js:1009:12)
37 verbose statusCode 403
38 verbose pkgid fit-badge
39 verbose cwd /Users/baidu/tieba/awesome/lib/common/badge
40 error Darwin 14.5.0
41 error argv "/Users/baidu/.nvm/versions/node/v5.0.0/bin/node" "/Users/baidu/.nvm/versions/node/v5.0.0/bin/npm" "publish"
42 error node v5.0.0
43 error npm  v3.3.6
44 error code E403
45 error "You cannot publish over the previously published version 1.0.27." : fit-badge
46 error If you need help, you may report this error at:
46 error     <https://github.com/npm/npm/issues>
47 verbose exit [ 1, true ]
